2021-01-27 22:17:55,220 INFO o.a.j.u.JMeterUtils: Setting Locale to en_EN
2021-01-27 22:17:55,250 INFO o.a.j.JMeter: Loading user properties from: /usr/local/Cellar/jmeter/5.4/libexec/bin/user.properties
2021-01-27 22:17:55,251 INFO o.a.j.JMeter: Loading system properties from: /usr/local/Cellar/jmeter/5.4/libexec/bin/system.properties
2021-01-27 22:17:55,260 INFO o.a.j.JMeter: Copyright (c) 1998-2020 The Apache Software Foundation
2021-01-27 22:17:55,260 INFO o.a.j.JMeter: Version 5.4
2021-01-27 22:17:55,260 INFO o.a.j.JMeter: java.version=15.0.1
2021-01-27 22:17:55,260 INFO o.a.j.JMeter: java.vm.name=OpenJDK 64-Bit Server VM
2021-01-27 22:17:55,260 INFO o.a.j.JMeter: os.name=Mac OS X
2021-01-27 22:17:55,260 INFO o.a.j.JMeter: os.arch=x86_64
2021-01-27 22:17:55,260 INFO o.a.j.JMeter: os.version=10.15.7
2021-01-27 22:17:55,260 INFO o.a.j.JMeter: file.encoding=UTF-8
2021-01-27 22:17:55,261 INFO o.a.j.JMeter: java.awt.headless=null
2021-01-27 22:17:55,261 INFO o.a.j.JMeter: Max memory     =1073741824
2021-01-27 22:17:55,261 INFO o.a.j.JMeter: Available Processors =8
2021-01-27 22:17:55,272 INFO o.a.j.JMeter: Default Locale=English (EN)
2021-01-27 22:17:55,272 INFO o.a.j.JMeter: JMeter  Locale=English (EN)
2021-01-27 22:17:55,272 INFO o.a.j.JMeter: JMeterHome=/usr/local/Cellar/jmeter/5.4/libexec
2021-01-27 22:17:55,273 INFO o.a.j.JMeter: user.dir  =/Users/warriorg/Code/Notes/java
2021-01-27 22:17:55,273 INFO o.a.j.JMeter: PWD       =/Users/warriorg/Code/Notes/java
2021-01-27 22:17:55,274 INFO o.a.j.JMeter: IP: 192.168.2.188 Name: warriors-MacBook-Pro.local FullName: 192.168.2.188
2021-01-27 22:17:55,708 INFO o.a.j.JMeter: Setting LAF to: com.github.weisj.darklaf.DarkLaf:com.github.weisj.darklaf.theme.DarculaTheme
2021-01-27 22:17:56,774 INFO o.a.j.JMeter: Loaded icon properties from org/apache/jmeter/images/icon.properties
2021-01-27 22:17:57,768 INFO o.j.r.JARSourceHTTP: Using proxy 127.0.0.1:7890
2021-01-27 22:17:57,777 INFO o.j.r.JARSourceHTTP: Using proxy 127.0.0.1:7890
2021-01-27 22:17:57,824 INFO o.j.r.JARSourceHTTP: Requesting https://jmeter-plugins.org/repo/?installID=mac_os_x-eed521b6987a3b88580685e022b4dea5-gui
2021-01-27 22:18:00,213 INFO o.j.r.JARSourceHTTP: Using proxy 127.0.0.1:7890
2021-01-27 22:18:00,214 INFO o.j.r.PluginManager: Plugins Status: [jpgc-plugins-manager=1.6, jmeter-core=5.4, jmeter-ftp=5.4, jmeter-http=5.4, jmeter-jdbc=5.4, jmeter-jms=5.4, jmeter-junit=5.4, jmeter-java=5.4, jmeter-ldap=5.4, jmeter-mail=5.4, jmeter-mongodb=5.4, jmeter-native=5.4, jmeter-tcp=5.4, jmeter-components=5.4]
2021-01-27 22:18:03,692 INFO o.a.j.s.FileServer: Default base='/Users/warriorg/Code/Notes/java'
