2021-01-22 21:13:27,031 INFO o.a.j.u.JMeterUtils: Setting Locale to en_EN
2021-01-22 21:13:27,062 INFO o.a.j.JMeter: Loading user properties from: /usr/local/Cellar/jmeter/5.4/libexec/bin/user.properties
2021-01-22 21:13:27,063 INFO o.a.j.JMeter: Loading system properties from: /usr/local/Cellar/jmeter/5.4/libexec/bin/system.properties
2021-01-22 21:13:27,073 INFO o.a.j.JMeter: Copyright (c) 1998-2020 The Apache Software Foundation
2021-01-22 21:13:27,073 INFO o.a.j.JMeter: Version 5.4
2021-01-22 21:13:27,073 INFO o.a.j.JMeter: java.version=15.0.1
2021-01-22 21:13:27,073 INFO o.a.j.JMeter: java.vm.name=OpenJDK 64-Bit Server VM
2021-01-22 21:13:27,073 INFO o.a.j.JMeter: os.name=Mac OS X
2021-01-22 21:13:27,073 INFO o.a.j.JMeter: os.arch=x86_64
2021-01-22 21:13:27,073 INFO o.a.j.JMeter: os.version=10.15.7
2021-01-22 21:13:27,073 INFO o.a.j.JMeter: file.encoding=UTF-8
2021-01-22 21:13:27,073 INFO o.a.j.JMeter: java.awt.headless=null
2021-01-22 21:13:27,074 INFO o.a.j.JMeter: Max memory     =1073741824
2021-01-22 21:13:27,074 INFO o.a.j.JMeter: Available Processors =8
2021-01-22 21:13:27,085 INFO o.a.j.JMeter: Default Locale=English (EN)
2021-01-22 21:13:27,085 INFO o.a.j.JMeter: JMeter  Locale=English (EN)
2021-01-22 21:13:27,085 INFO o.a.j.JMeter: JMeterHome=/usr/local/Cellar/jmeter/5.4/libexec
2021-01-22 21:13:27,085 INFO o.a.j.JMeter: user.dir  =/Users/warriorg/Code/Notes/algorithms/algorithms/src/datastructures/sort
2021-01-22 21:13:27,086 INFO o.a.j.JMeter: PWD       =/Users/warriorg/Code/Notes/algorithms/algorithms/src/datastructures/sort
2021-01-22 21:13:27,087 INFO o.a.j.JMeter: IP: 127.0.0.1 Name: warriors-MacBook-Pro.local FullName: localhost
2021-01-22 21:13:27,528 INFO o.a.j.JMeter: Setting LAF to: com.github.weisj.darklaf.DarkLaf:com.github.weisj.darklaf.theme.DarculaTheme
2021-01-22 21:13:28,616 INFO o.a.j.JMeter: Loaded icon properties from org/apache/jmeter/images/icon.properties
2021-01-22 21:13:29,576 INFO o.j.r.JARSourceHTTP: Using proxy 127.0.0.1:7890
2021-01-22 21:13:29,585 INFO o.j.r.JARSourceHTTP: Using proxy 127.0.0.1:7890
2021-01-22 21:13:29,630 INFO o.j.r.JARSourceHTTP: Requesting https://jmeter-plugins.org/repo/?installID=mac_os_x-5e7b2487893e3723c71c2ebcf10ee45a-gui
2021-01-22 21:13:31,802 INFO o.j.r.JARSourceHTTP: Using proxy 127.0.0.1:7890
2021-01-22 21:13:31,803 INFO o.j.r.PluginManager: Plugins Status: [jpgc-plugins-manager=1.6, jmeter-core=5.4, jmeter-ftp=5.4, jmeter-http=5.4, jmeter-jdbc=5.4, jmeter-jms=5.4, jmeter-junit=5.4, jmeter-java=5.4, jmeter-ldap=5.4, jmeter-mail=5.4, jmeter-mongodb=5.4, jmeter-native=5.4, jmeter-tcp=5.4, jmeter-components=5.4]
2021-01-22 21:13:38,955 INFO o.a.j.s.SaveService: Testplan (JMX) version: 2.2. Testlog (JTL) version: 2.2
2021-01-22 21:13:38,964 INFO o.a.j.s.SaveService: Using SaveService properties version 5.0
2021-01-22 21:13:38,966 INFO o.a.j.s.SaveService: Using SaveService properties file encoding UTF-8
2021-01-22 21:13:38,974 INFO o.a.j.p.h.s.HTTPSamplerBase: Parser for text/html is org.apache.jmeter.protocol.http.parser.LagartoBasedHtmlParser
2021-01-22 21:13:38,974 INFO o.a.j.p.h.s.HTTPSamplerBase: Parser for application/xhtml+xml is org.apache.jmeter.protocol.http.parser.LagartoBasedHtmlParser
2021-01-22 21:13:38,974 INFO o.a.j.p.h.s.HTTPSamplerBase: Parser for application/xml is org.apache.jmeter.protocol.http.parser.LagartoBasedHtmlParser
2021-01-22 21:13:38,974 INFO o.a.j.p.h.s.HTTPSamplerBase: Parser for text/xml is org.apache.jmeter.protocol.http.parser.LagartoBasedHtmlParser
2021-01-22 21:13:38,974 INFO o.a.j.p.h.s.HTTPSamplerBase: Parser for text/vnd.wap.wml is org.apache.jmeter.protocol.http.parser.RegexpHTMLParser
2021-01-22 21:13:38,975 INFO o.a.j.p.h.s.HTTPSamplerBase: Parser for text/css is org.apache.jmeter.protocol.http.parser.CssParser
2021-01-22 21:13:39,068 WARN o.a.j.g.MainFrame: Failed to perform quick component add: HttpTestSampleGui
java.lang.NullPointerException: Cannot invoke "org.apache.jmeter.gui.tree.JMeterTreeNode.getParent()" because "parentNode" is null
	at org.apache.jmeter.gui.MainFrame$QuickComponent.actionPerformed(MainFrame.java:747) ~[ApacheJMeter_core.jar:5.4]
	at javax.swing.SwingUtilities.notifyAction(SwingUtilities.java:1810) ~[?:?]
	at javax.swing.JComponent.processKeyBinding(JComponent.java:2900) ~[?:?]
	at javax.swing.KeyboardManager.fireBinding(KeyboardManager.java:311) ~[?:?]
	at javax.swing.KeyboardManager.fireKeyboardAction(KeyboardManager.java:253) ~[?:?]
	at javax.swing.JComponent.processKeyBindingsForAllComponents(JComponent.java:2993) ~[?:?]
	at javax.swing.JComponent.processKeyBindings(JComponent.java:2985) ~[?:?]
	at javax.swing.JComponent.processKeyEvent(JComponent.java:2862) ~[?:?]
	at java.awt.Component.processEvent(Component.java:6391) ~[?:?]
	at java.awt.Container.processEvent(Container.java:2263) ~[?:?]
	at java.awt.Component.dispatchEventImpl(Component.java:4990) ~[?:?]
	at java.awt.Container.dispatchEventImpl(Container.java:2321) ~[?:?]
	at java.awt.Component.dispatchEvent(Component.java:4822) ~[?:?]
	at java.awt.KeyboardFocusManager.redispatchEvent(KeyboardFocusManager.java:1950) ~[?:?]
	at java.awt.DefaultKeyboardFocusManager.dispatchKeyEvent(DefaultKeyboardFocusManager.java:870) ~[?:?]
	at java.awt.DefaultKeyboardFocusManager.preDispatchKeyEvent(DefaultKeyboardFocusManager.java:1139) ~[?:?]
	at java.awt.DefaultKeyboardFocusManager.typeAheadAssertions(DefaultKeyboardFocusManager.java:1009) ~[?:?]
	at java.awt.DefaultKeyboardFocusManager.dispatchEvent(DefaultKeyboardFocusManager.java:835) ~[?:?]
	at java.awt.Component.dispatchEventImpl(Component.java:4871) ~[?:?]
	at java.awt.Container.dispatchEventImpl(Container.java:2321) ~[?:?]
	at java.awt.Window.dispatchEventImpl(Window.java:2769) ~[?:?]
	at java.awt.Component.dispatchEvent(Component.java:4822) ~[?:?]
	at java.awt.EventQueue.dispatchEventImpl(EventQueue.java:772) ~[?:?]
	at java.awt.EventQueue$4.run(EventQueue.java:721) ~[?:?]
	at java.awt.EventQueue$4.run(EventQueue.java:715) ~[?:?]
	at java.security.AccessController.doPrivileged(AccessController.java:391) [?:?]
	at java.security.ProtectionDomain$JavaSecurityAccessImpl.doIntersectionPrivilege(ProtectionDomain.java:85) ~[?:?]
	at java.security.ProtectionDomain$JavaSecurityAccessImpl.doIntersectionPrivilege(ProtectionDomain.java:95) ~[?:?]
	at java.awt.EventQueue$5.run(EventQueue.java:745) ~[?:?]
	at java.awt.EventQueue$5.run(EventQueue.java:743) ~[?:?]
	at java.security.AccessController.doPrivileged(AccessController.java:391) [?:?]
	at java.security.ProtectionDomain$JavaSecurityAccessImpl.doIntersectionPrivilege(ProtectionDomain.java:85) [?:?]
	at java.awt.EventQueue.dispatchEvent(EventQueue.java:742) [?:?]
	at java.awt.EventDispatchThread.pumpOneEventForFilters(EventDispatchThread.java:203) [?:?]
	at java.awt.EventDispatchThread.pumpEventsForFilter(EventDispatchThread.java:124) [?:?]
	at java.awt.EventDispatchThread.pumpEventsForHierarchy(EventDispatchThread.java:113) [?:?]
	at java.awt.EventDispatchThread.pumpEvents(EventDispatchThread.java:109) [?:?]
	at java.awt.EventDispatchThread.pumpEvents(EventDispatchThread.java:101) [?:?]
	at java.awt.EventDispatchThread.run(EventDispatchThread.java:90) [?:?]
